[0m23:08:03.746325 [debug] [MainThread]: Sending event: {'category': 'dbt', 'action': 'invocation', 'label': 'start', 'context': [<snowplow_tracker.self_describing_json.SelfDescribingJson object at 0x7af47bc090f0>, <snowplow_tracker.self_describing_json.SelfDescribingJson object at 0x7af47ca920e0>, <snowplow_tracker.self_describing_json.SelfDescribingJson object at 0x7af47ca92020>]}


============================== 23:08:03.748582 | 47b8ee58-3dfe-4594-8e93-e44c84249e53 ==============================
[0m23:08:03.748582 [info ] [MainThread]: Running with dbt=1.9.2
[0m23:08:03.749042 [debug] [MainThread]: running dbt with arguments {'printer_width': '80', 'indirect_selection': 'eager', 'write_json': 'True', 'log_cache_events': 'False', 'partial_parse': 'True', 'cache_selected_only': 'False', 'profiles_dir': '/home/eric/.dbt', 'version_check': 'True', 'fail_fast': 'False', 'log_path': 'logs', 'debug': 'False', 'warn_error': 'None', 'use_colors': 'True', 'use_experimental_parser': 'False', 'no_print': 'None', 'quiet': 'False', 'empty': 'None', 'warn_error_options': 'WarnErrorOptions(include=[], exclude=[])', 'invocation_command': 'dbt init', 'introspect': 'True', 'log_format': 'default', 'target_path': 'None', 'static_parser': 'True', 'send_anonymous_usage_stats': 'True'}
[0m23:08:26.764670 [error] [MainThread]: Encountered an error:

[0m23:08:26.765716 [error] [MainThread]: Traceback (most recent call last):
  File "/home/eric/Data/F1 Data Analysis/.venv/lib/python3.10/site-packages/dbt/cli/requires.py", line 153, in wrapper
    result, success = func(*args, **kwargs)
  File "/home/eric/Data/F1 Data Analysis/.venv/lib/python3.10/site-packages/dbt/cli/requires.py", line 103, in wrapper
    return func(*args, **kwargs)
  File "/home/eric/Data/F1 Data Analysis/.venv/lib/python3.10/site-packages/dbt/cli/main.py", line 477, in init
    results = task.run()
  File "/home/eric/Data/F1 Data Analysis/.venv/lib/python3.10/site-packages/dbt/task/init.py", line 324, in run
    project_name = self.get_valid_project_name()
  File "/home/eric/Data/F1 Data Analysis/.venv/lib/python3.10/site-packages/dbt/task/init.py", line 278, in get_valid_project_name
    name = click.prompt("Enter a name for your project (letters, digits, underscore)")
  File "/home/eric/Data/F1 Data Analysis/.venv/lib/python3.10/site-packages/click/termui.py", line 164, in prompt
    value = prompt_func(prompt)
  File "/home/eric/Data/F1 Data Analysis/.venv/lib/python3.10/site-packages/click/termui.py", line 147, in prompt_func
    raise Abort() from None
click.exceptions.Abort

[0m23:08:26.766563 [debug] [MainThread]: Resource report: {"command_name": "init", "command_success": false, "command_wall_clock_time": 23.060186, "process_in_blocks": "0", "process_kernel_time": 0.085934, "process_mem_max_rss": "86124", "process_out_blocks": "16", "process_user_time": 0.811383}
[0m23:08:26.766961 [debug] [MainThread]: Command `dbt init` failed at 23:08:26.766879 after 23.06 seconds
[0m23:08:26.767316 [debug] [MainThread]: Sending event: {'category': 'dbt', 'action': 'invocation', 'label': 'end', 'context': [<snowplow_tracker.self_describing_json.SelfDescribingJson object at 0x7af47bc090f0>, <snowplow_tracker.self_describing_json.SelfDescribingJson object at 0x7af47ca92950>, <snowplow_tracker.self_describing_json.SelfDescribingJson object at 0x7af47ab01030>]}
[0m23:08:26.767684 [debug] [MainThread]: Flushing usage events
[0m23:08:28.731190 [debug] [MainThread]: An error was encountered while trying to flush usage events
[0m23:08:34.767800 [debug] [MainThread]: Sending event: {'category': 'dbt', 'action': 'invocation', 'label': 'start', 'context': [<snowplow_tracker.self_describing_json.SelfDescribingJson object at 0x741d60851090>, <snowplow_tracker.self_describing_json.SelfDescribingJson object at 0x741d5fa9e080>, <snowplow_tracker.self_describing_json.SelfDescribingJson object at 0x741d5fa9dfc0>]}


============================== 23:08:34.769754 | 63b5c673-8eda-45e4-826c-3e81cd0579fb ==============================
[0m23:08:34.769754 [info ] [MainThread]: Running with dbt=1.9.2
[0m23:08:34.770239 [debug] [MainThread]: running dbt with arguments {'printer_width': '80', 'indirect_selection': 'eager', 'log_cache_events': 'False', 'write_json': 'True', 'partial_parse': 'True', 'cache_selected_only': 'False', 'warn_error': 'None', 'version_check': 'True', 'fail_fast': 'False', 'log_path': 'logs', 'debug': 'False', 'profiles_dir': '/home/eric/.dbt', 'use_colors': 'True', 'use_experimental_parser': 'False', 'empty': 'None', 'quiet': 'False', 'no_print': 'None', 'log_format': 'default', 'invocation_command': 'dbt init', 'static_parser': 'True', 'introspect': 'True', 'target_path': 'None', 'warn_error_options': 'WarnErrorOptions(include=[], exclude=[])', 'send_anonymous_usage_stats': 'True'}
[0m23:08:42.496554 [debug] [MainThread]: Starter project path: /home/eric/Data/F1 Data Analysis/.venv/lib/python3.10/site-packages/dbt/include/starter_project
[0m23:08:42.498820 [info ] [MainThread]: 
Your new dbt project "f1_data_transformation" was created!

For more information on how to configure the profiles.yml file,
please consult the dbt documentation here:

  https://docs.getdbt.com/docs/configure-your-profile

One more thing:

Need help? Don't hesitate to reach out to us via GitHub issues or on Slack:

  https://community.getdbt.com/

Happy modeling!

[0m23:08:42.499146 [info ] [MainThread]: Setting up your profile.
[0m23:11:12.764181 [info ] [MainThread]: Profile f1_data_transformation written to /home/eric/.dbt/profiles.yml using target's profile_template.yml and your supplied values. Run 'dbt debug' to validate the connection.
[0m23:11:12.765259 [debug] [MainThread]: Resource report: {"command_name": "init", "command_success": true, "command_wall_clock_time": 158.0381, "process_in_blocks": "7464", "process_kernel_time": 0.169184, "process_mem_max_rss": "194416", "process_out_blocks": "7600", "process_user_time": 2.196358}
[0m23:11:12.765670 [debug] [MainThread]: Command `dbt init` succeeded at 23:11:12.765593 after 158.04 seconds
[0m23:11:12.766019 [debug] [MainThread]: Sending event: {'category': 'dbt', 'action': 'invocation', 'label': 'end', 'context': [<snowplow_tracker.self_describing_json.SelfDescribingJson object at 0x741d60851090>, <snowplow_tracker.self_describing_json.SelfDescribingJson object at 0x741d5fa9e830>, <snowplow_tracker.self_describing_json.SelfDescribingJson object at 0x741d5fa9eef0>]}
[0m23:11:12.766389 [debug] [MainThread]: Flushing usage events
[0m23:11:14.202095 [debug] [MainThread]: An error was encountered while trying to flush usage events
[0m09:59:30.402561 [debug] [MainThread]: Sending event: {'category': 'dbt', 'action': 'invocation', 'label': 'start', 'context': [<snowplow_tracker.self_describing_json.SelfDescribingJson object at 0x7a5a54889060>, <snowplow_tracker.self_describing_json.SelfDescribingJson object at 0x7a5a556f20b0>, <snowplow_tracker.self_describing_json.SelfDescribingJson object at 0x7a5a556f2050>]}


============================== 09:59:30.405317 | dd2691a2-a591-47dc-bd3d-06630a44498f ==============================
[0m09:59:30.405317 [info ] [MainThread]: Running with dbt=1.9.2
[0m09:59:30.405776 [debug] [MainThread]: running dbt with arguments {'printer_width': '80', 'indirect_selection': 'eager', 'write_json': 'True', 'log_cache_events': 'False', 'partial_parse': 'True', 'cache_selected_only': 'False', 'profiles_dir': '/home/eric/.dbt', 'version_check': 'True', 'warn_error': 'None', 'log_path': 'logs', 'fail_fast': 'False', 'debug': 'False', 'use_colors': 'True', 'use_experimental_parser': 'False', 'empty': 'None', 'quiet': 'False', 'no_print': 'None', 'warn_error_options': 'WarnErrorOptions(include=[], exclude=[])', 'introspect': 'True', 'log_format': 'default', 'static_parser': 'True', 'target_path': 'None', 'invocation_command': 'dbt debug', 'send_anonymous_usage_stats': 'True'}
[0m09:59:30.413659 [info ] [MainThread]: dbt version: 1.9.2
[0m09:59:30.414047 [info ] [MainThread]: python version: 3.10.12
[0m09:59:30.414356 [info ] [MainThread]: python path: /home/eric/Data/F1 Data Analysis/.venv/bin/python
[0m09:59:30.414694 [info ] [MainThread]: os info: Linux-6.8.0-52-generic-x86_64-with-glibc2.35
[0m09:59:30.948264 [info ] [MainThread]: Using profiles dir at /home/eric/.dbt
[0m09:59:30.948737 [info ] [MainThread]: Using profiles.yml file at /home/eric/.dbt/profiles.yml
[0m09:59:30.949144 [info ] [MainThread]: Using dbt_project.yml file at /home/eric/Data/F1 Data Analysis/dbt_project.yml
[0m09:59:30.949539 [info ] [MainThread]: adapter type: bigquery
[0m09:59:30.949865 [info ] [MainThread]: adapter version: 1.9.1
[0m09:59:30.950188 [info ] [MainThread]: Configuration:
[0m09:59:30.950476 [info ] [MainThread]:   profiles.yml file [[32mOK found and valid[0m]
[0m09:59:30.950761 [info ] [MainThread]:   dbt_project.yml file [[31mERROR not found[0m]
[0m09:59:30.951034 [info ] [MainThread]: Required dependencies:
[0m09:59:30.951324 [debug] [MainThread]: Executing "git --help"
[0m09:59:30.953282 [debug] [MainThread]: STDOUT: "b"usage: git [--version] [--help] [-C <path>] [-c <name>=<value>]\n           [--exec-path[=<path>]] [--html-path] [--man-path] [--info-path]\n           [-p | --paginate | -P | --no-pager] [--no-replace-objects] [--bare]\n           [--git-dir=<path>] [--work-tree=<path>] [--namespace=<name>]\n           [--super-prefix=<path>] [--config-env=<name>=<envvar>]\n           <command> [<args>]\n\nThese are common Git commands used in various situations:\n\nstart a working area (see also: git help tutorial)\n   clone     Clone a repository into a new directory\n   init      Create an empty Git repository or reinitialize an existing one\n\nwork on the current change (see also: git help everyday)\n   add       Add file contents to the index\n   mv        Move or rename a file, a directory, or a symlink\n   restore   Restore working tree files\n   rm        Remove files from the working tree and from the index\n\nexamine the history and state (see also: git help revisions)\n   bisect    Use binary search to find the commit that introduced a bug\n   diff      Show changes between commits, commit and working tree, etc\n   grep      Print lines matching a pattern\n   log       Show commit logs\n   show      Show various types of objects\n   status    Show the working tree status\n\ngrow, mark and tweak your common history\n   branch    List, create, or delete branches\n   commit    Record changes to the repository\n   merge     Join two or more development histories together\n   rebase    Reapply commits on top of another base tip\n   reset     Reset current HEAD to the specified state\n   switch    Switch branches\n   tag       Create, list, delete or verify a tag object signed with GPG\n\ncollaborate (see also: git help workflows)\n   fetch     Download objects and refs from another repository\n   pull      Fetch from and integrate with another repository or a local branch\n   push      Update remote refs along with associated objects\n\n'git help -a' and 'git help -g' list available subcommands and some\nconcept guides. See 'git help <command>' or 'git help <concept>'\nto read about a specific subcommand or concept.\nSee 'git help git' for an overview of the system.\n""
[0m09:59:30.953698 [debug] [MainThread]: STDERR: "b''"
[0m09:59:30.954025 [info ] [MainThread]:  - git [[32mOK found[0m]

[0m09:59:30.954329 [info ] [MainThread]: Connection:
[0m09:59:30.954631 [info ] [MainThread]:   method: service-account
[0m09:59:30.954919 [info ] [MainThread]:   database: f1-dataanalysis
[0m09:59:30.955188 [info ] [MainThread]:   execution_project: f1-dataanalysis
[0m09:59:30.955455 [info ] [MainThread]:   schema: staging
[0m09:59:30.955727 [info ] [MainThread]:   location: EU
[0m09:59:30.955994 [info ] [MainThread]:   priority: interactive
[0m09:59:30.956257 [info ] [MainThread]:   maximum_bytes_billed: None
[0m09:59:30.956530 [info ] [MainThread]:   impersonate_service_account: None
[0m09:59:30.956821 [info ] [MainThread]:   job_retry_deadline_seconds: None
[0m09:59:30.957084 [info ] [MainThread]:   job_retries: 1
[0m09:59:30.957344 [info ] [MainThread]:   job_creation_timeout_seconds: None
[0m09:59:30.957615 [info ] [MainThread]:   job_execution_timeout_seconds: 300
[0m09:59:30.957888 [info ] [MainThread]:   timeout_seconds: 300
[0m09:59:30.958152 [info ] [MainThread]:   client_id: None
[0m09:59:30.958412 [info ] [MainThread]:   token_uri: None
[0m09:59:30.958681 [info ] [MainThread]:   dataproc_region: None
[0m09:59:30.958942 [info ] [MainThread]:   dataproc_cluster_name: None
[0m09:59:30.959199 [info ] [MainThread]:   gcs_bucket: None
[0m09:59:30.959456 [info ] [MainThread]:   dataproc_batch: None
[0m09:59:30.959840 [info ] [MainThread]: Registered adapter: bigquery=1.9.1
[0m09:59:31.081377 [debug] [MainThread]: Acquiring new bigquery connection 'debug'
[0m09:59:31.081825 [debug] [MainThread]: On debug: select 1 as id
[0m09:59:31.082156 [debug] [MainThread]: Opening a new connection, currently in state init
[0m09:59:34.506231 [debug] [MainThread]: BigQuery adapter: https://console.cloud.google.com/bigquery?project=f1-dataanalysis&j=bq:EU:80faa6de-7df8-4b6f-828c-c42f0997ad8e&page=queryresults
[0m09:59:35.222907 [info ] [MainThread]:   Connection test: [[32mOK connection ok[0m]

[0m09:59:35.223404 [info ] [MainThread]: [31m1 check failed:[0m
[0m09:59:35.223721 [info ] [MainThread]: Project loading failed for the following reason:
 project path </home/eric/Data/F1 Data Analysis/dbt_project.yml> not found

[0m09:59:35.224521 [debug] [MainThread]: Resource report: {"command_name": "debug", "command_success": false, "command_wall_clock_time": 4.861854, "process_in_blocks": "2080", "process_kernel_time": 0.218637, "process_mem_max_rss": "201284", "process_out_blocks": "256", "process_user_time": 2.131467}
[0m09:59:35.224929 [debug] [MainThread]: Command `dbt debug` failed at 09:59:35.224847 after 4.86 seconds
[0m09:59:35.225254 [debug] [MainThread]: Connection 'debug' was properly closed.
[0m09:59:35.225629 [debug] [MainThread]: Sending event: {'category': 'dbt', 'action': 'invocation', 'label': 'end', 'context': [<snowplow_tracker.self_describing_json.SelfDescribingJson object at 0x7a5a54889060>, <snowplow_tracker.self_describing_json.SelfDescribingJson object at 0x7a5a294abc70>, <snowplow_tracker.self_describing_json.SelfDescribingJson object at 0x7a5a294aa2f0>]}
[0m09:59:35.226003 [debug] [MainThread]: Flushing usage events
[0m09:59:36.323837 [debug] [MainThread]: An error was encountered while trying to flush usage events
